
Showing logs for build [32mcb-kubecd-environment-pr-1356-2-crtkw-1[0m stage [32mfrom-build-pack[0m and container [32mstep-credential-initializer-jmt4d[0m
{"level":"warn","ts":1585752306.9798274,"logger":"fallback-logger","caller":"logging/config.go:69","msg":"Fetch GitHub commit ID from kodata failed: \"ref: refs/heads/0.8.0-**-support-backwards-incompats\" is not a valid GitHub commit ID"}
{"level":"info","ts":1585752306.9803813,"logger":"fallback-logger","caller":"creds-init/main.go:40","msg":"Credentials initialized."}

Showing logs for build [32mcb-kubecd-environment-pr-1356-2-crtkw-1[0m stage [32mfrom-build-pack[0m and container [32mstep-working-dir-initializer-vzbdj[0m
{"level":"warn","ts":1585752307.9835556,"logger":"fallback-logger","caller":"logging/config.go:69","msg":"Fetch GitHub commit ID from kodata failed: open /var/run/ko/HEAD: no such file or directory"}
{"level":"info","ts":1585752307.9852347,"logger":"fallback-logger","caller":"bash/main.go:64","msg":"Successfully executed command \"sh -c mkdir -p /workspace/source\"; output "}

Showing logs for build [32mcb-kubecd-environment-pr-1356-2-crtkw-1[0m stage [32mfrom-build-pack[0m and container [32mstep-place-tools[0m

Showing logs for build [32mcb-kubecd-environment-pr-1356-2-crtkw-1[0m stage [32mfrom-build-pack[0m and container [32mstep-git-source-cb-kubecd-environment-pr-1356-2-crtkw-zz5q5[0m
{"level":"warn","ts":1585752313.12543,"logger":"fallback-logger","caller":"logging/config.go:69","msg":"Fetch GitHub commit ID from kodata failed: \"ref: refs/heads/0.8.0-**-support-backwards-incompats\" is not a valid GitHub commit ID"}
{"level":"info","ts":1585752314.136718,"logger":"fallback-logger","caller":"git/git.go:103","msg":"Successfully cloned https://github.com/cb-kubecd/environment-pr-1356-2-bdd-frontend-staging.git @ master in path /workspace/source"}

Showing logs for build [32mcb-kubecd-environment-pr-1356-2-crtkw-1[0m stage [32mfrom-build-pack[0m and container [32mstep-git-merge[0m
Using SHAs from PULL_REFS=master:201a7754cafdf994fc0954b88535e1daa7834049,1:fd42eed1e1e22b92565f62eabb0b594f19b3becd
DEBUG: LC_ALL=C JX_LOG_LEVEL=error git fetch origin --unshallow fd42eed1e1e22b92565f62eabb0b594f19b3becd: 201a7754cafdf994fc0954b88535e1daa7834049:
DEBUG: ran git fetch --unshallow origin fd42eed1e1e22b92565f62eabb0b594f19b3becd: 201a7754cafdf994fc0954b88535e1daa7834049: in 
DEBUG: JX_LOG_LEVEL=error LC_ALL=C git branch
DEBUG: JX_LOG_LEVEL=error LC_ALL=C git checkout master
DEBUG: ran git checkout master in 
DEBUG: LC_ALL=C JX_LOG_LEVEL=error git reset --hard 201a7754cafdf994fc0954b88535e1daa7834049
DEBUG: ran git reset --hard 201a7754cafdf994fc0954b88535e1daa7834049 in 
DEBUG: LC_ALL=C JX_LOG_LEVEL=error git clean -fd .
DEBUG: ran clean --force -d . in 
DEBUG: LC_ALL=C JX_LOG_LEVEL=error git merge fd42eed1e1e22b92565f62eabb0b594f19b3becd
DEBUG: ran git merge fd42eed1e1e22b92565f62eabb0b594f19b3becd in 
DEBUG: LC_ALL=C JX_LOG_LEVEL=error git log --format=%H%x1f%an%x1f%ae%x1f%cn%x1f%ce%x1f%s%n%b%x1e 201a7754cafdf994fc0954b88535e1daa7834049..HEAD
Merged SHA fd42eed1e1e22b92565f62eabb0b594f19b3becd with commit message 'chore: Promote bdd-nh-1585751225 to version 0.0.1' into base branch master

Showing logs for build [32mcb-kubecd-environment-pr-1356-2-crtkw-1[0m stage [32mfrom-build-pack[0m and container [32mstep-build-helm-build[0m
WARNING: No $CHART_REPOSITORY defined so using the default value of: http://jenkins-x-chartmuseum:8080
Adding missing Helm repo: storage.googleapis.com https://storage.googleapis.com/chartmuseum.jenkins-x.io
WARNING: No secrets found on "helm/repos" due: reading the secret "helm/repos" from vault: no secret "helm/repos" not found in vault
Read credentials for https://storage.googleapis.com/chartmuseum.jenkins-x.io from vault helm/repos
Successfully added Helm repository storage.googleapis.com.
Adding missing Helm repo: jenkins-x-chartmuseum http://jenkins-x-chartmuseum:8080
WARNING: No secrets found on "helm/repos" due: reading the secret "helm/repos" from vault: no secret "helm/repos" not found in vault
Read credentials for http://jenkins-x-chartmuseum:8080 from vault helm/repos
Successfully added Helm repository jenkins-x-chartmuseum.
WARNING: No $CHART_REPOSITORY defined so using the default value of: http://jenkins-x-chartmuseum:8080
Adding missing Helm repo: chartmuseum.jenkins-x.io http://chartmuseum.jenkins-x.io
WARNING: No secrets found on "helm/repos" due: reading the secret "helm/repos" from vault: no secret "helm/repos" not found in vault
Read credentials for http://chartmuseum.jenkins-x.io from vault helm/repos
Successfully added Helm repository chartmuseum.jenkins-x.io.
